  [4;36;1mSQL (0.4ms)[0m   [0;1m SELECT name
 FROM sqlite_master
 WHERE type = 'table' AND NOT name = 'sqlite_sequence'
[0m
  [4;35;1mSQL (0.1ms)[0m   [0mselect sqlite_version(*)[0m
  [4;36;1mSQL (2.1ms)[0m   [0;1mCREATE TABLE "schema_migrations" ("version" varchar(255) NOT NULL) [0m
  [4;35;1mSQL (1.9ms)[0m   [0mCREATE UNIQUE INDEX "unique_schema_migrations" ON "schema_migrations" ("version")[0m
  [4;36;1mSQL (0.2ms)[0m   [0;1m SELECT name
 FROM sqlite_master
 WHERE type = 'table' AND NOT name = 'sqlite_sequence'
[0m
  [4;35;1mSQL (0.1ms)[0m   [0mSELECT version FROM schema_migrations[0m
Migrating to CreateUsers (20100228021751)
  [4;36;1mSQL (0.4ms)[0m   [0;1mCREATE TABLE "users" ("id" INTEGER PRIMARY KEY AUTOINCREMENT NOT NULL, "name" varchar(255), "email" varchar(255), "hashed_password" varchar(255), "salt" varchar(255), "created_at" datetime, "updated_at" datetime) [0m
  [4;35;1mSQL (0.1ms)[0m   [0mINSERT INTO schema_migrations (version) VALUES ('20100228021751')[0m
  [4;36;1mSQL (0.3ms)[0m   [0;1m SELECT name
 FROM sqlite_master
 WHERE type = 'table' AND NOT name = 'sqlite_sequence'
[0m
  [4;35;1mSQL (0.1ms)[0m   [0mSELECT version FROM schema_migrations[0m
  [4;36;1mSQL (0.1ms)[0m   [0;1m SELECT name
 FROM sqlite_master
 WHERE type = 'table' AND NOT name = 'sqlite_sequence'
[0m
  [4;35;1mSQL (0.0ms)[0m   [0mPRAGMA index_list("users")[0m


Processing UsersController#new (for 127.0.0.1 at 2010-02-27 19:02:44) [GET]
Rendering users/new

ActionView::TemplateError (undefined method `lable' for #<ActionView::Helpers::FormBuilder:0x104423e20>) on line #19 of app/views/users/new.html.erb:
16:   </p>
17: 
18:   <p>
19: 	<%= f.lable :password_confirmation %>
20: 	<%= f.password_field :password_confirmation %>
21:   </p>
22: 

    app/views/users/new.html.erb:19
    app/views/users/new.html.erb:2

Rendered rescues/_trace (38.3ms)
Rendered rescues/_request_and_response (1.1ms)
Rendering rescues/layout (internal_server_error)


Processing UsersController#new (for 127.0.0.1 at 2010-02-27 19:03:01) [GET]
Rendering users/new
Completed in 15ms (View: 9, DB: 0) | 200 OK [http://localhost/users/new]


Processing UsersController#create (for 127.0.0.1 at 2010-02-27 19:03:17) [POST]
  Parameters: {"commit"=>"Create", "authenticity_token"=>"vP5WXyZTgJQXvXsvLm5fXwfkiV3yuuqdwqp3WZRxuto=", "user"=>{"name"=>"Rohit", "password_confirmation"=>"test", "password"=>"test", "email"=>"rohit.net@gmail.com"}}
  [4;36;1mUser Load (0.1ms)[0m   [0;1mSELECT "users".id FROM "users" WHERE ("users"."email" = 'rohit.net@gmail.com') LIMIT 1[0m
  [4;35;1mUser Create (0.3ms)[0m   [0mINSERT INTO "users" ("name", "salt", "created_at", "updated_at", "hashed_password", "email") VALUES('Rohit', '21835856000.310745445663162', '2010-02-28 03:03:17', '2010-02-28 03:03:17', '3c9a0880f493e7a14243778e53793424162500ce', 'rohit.net@gmail.com')[0m
Redirected to http://localhost:3000/users/1
Completed in 72ms (DB: 0) | 302 Found [http://localhost/users]


Processing UsersController#show (for 127.0.0.1 at 2010-02-27 19:03:17) [GET]
  Parameters: {"id"=>"1"}
  [4;36;1mUser Load (0.2ms)[0m   [0;1mSELECT * FROM "users" WHERE ("users"."id" = 1) [0m

ActionView::MissingTemplate (Missing template users/show.erb in view path app/views):
  

Rendering rescues/layout (internal_server_error)


Processing UsersController#show (for 127.0.0.1 at 2010-02-27 19:05:06) [GET]
  Parameters: {"id"=>"1"}
  [4;35;1mUser Load (0.2ms)[0m   [0mSELECT * FROM "users" WHERE ("users"."id" = 1) [0m
Rendering users/show
Completed in 12ms (View: 6, DB: 0) | 200 OK [http://localhost/users/1]


Processing UsersController#show (for 127.0.0.1 at 2010-02-27 19:05:30) [GET]
  Parameters: {"id"=>"1"}
  [4;36;1mUser Load (0.2ms)[0m   [0;1mSELECT * FROM "users" WHERE ("users"."id" = 1) [0m
Rendering users/show
Completed in 8ms (View: 1, DB: 0) | 200 OK [http://localhost/users/1]


Processing UsersController#show (for 127.0.0.1 at 2010-02-27 19:05:32) [GET]
  Parameters: {"id"=>"1"}
  [4;35;1mUser Load (0.2ms)[0m   [0mSELECT * FROM "users" WHERE ("users"."id" = 1) [0m
Rendering users/show
Completed in 8ms (View: 1, DB: 0) | 200 OK [http://localhost/users/1]


Processing UsersController#show (for 127.0.0.1 at 2010-02-27 19:05:56) [GET]
  Parameters: {"id"=>"1"}
  [4;36;1mUser Load (0.2ms)[0m   [0;1mSELECT * FROM "users" WHERE ("users"."id" = 1) [0m
Rendering users/show
Completed in 11ms (View: 4, DB: 0) | 200 OK [http://localhost/users/1]


Processing UsersController#new (for 127.0.0.1 at 2010-02-27 19:06:01) [GET]
Rendering users/new
Completed in 11ms (View: 5, DB: 0) | 200 OK [http://localhost/users/new]


Processing UsersController#create (for 127.0.0.1 at 2010-02-27 19:06:05) [POST]
  Parameters: {"commit"=>"Create", "authenticity_token"=>"vP5WXyZTgJQXvXsvLm5fXwfkiV3yuuqdwqp3WZRxuto=", "user"=>{"name"=>"", "password_confirmation"=>"", "password"=>"", "email"=>""}}
  [4;35;1mUser Load (0.1ms)[0m   [0mSELECT "users".id FROM "users" WHERE ("users"."email" = '') LIMIT 1[0m

ActiveRecord::RecordInvalid (Validation failed: Name can't be blank, Email is invalid):
  app/controllers/users_controller.rb:11:in `create'

Rendered rescues/_trace (89.3ms)
Rendered rescues/_request_and_response (0.4ms)
Rendering rescues/layout (unprocessable_entity)


Processing UsersController#new (for 127.0.0.1 at 2010-02-27 19:08:42) [GET]
Rendering users/new
Completed in 15ms (View: 9, DB: 0) | 200 OK [http://localhost/users/new]


Processing UsersController#create (for 127.0.0.1 at 2010-02-27 19:08:44) [POST]
  Parameters: {"commit"=>"Create", "authenticity_token"=>"vP5WXyZTgJQXvXsvLm5fXwfkiV3yuuqdwqp3WZRxuto=", "user"=>{"name"=>"", "password_confirmation"=>"", "password"=>"", "email"=>""}}
  [4;36;1mUser Load (0.1ms)[0m   [0;1mSELECT "users".id FROM "users" WHERE ("users"."email" = '') LIMIT 1[0m

ActiveRecord::RecordInvalid (Validation failed: Name can't be blank, Email is invalid):
  app/controllers/users_controller.rb:11:in `create'

Rendered rescues/_trace (31.9ms)
Rendered rescues/_request_and_response (0.3ms)
Rendering rescues/layout (unprocessable_entity)


Processing UsersController#new (for 127.0.0.1 at 2010-02-27 19:15:26) [GET]
Rendering users/new
Completed in 74ms (View: 4, DB: 0) | 200 OK [http://localhost/users/new]


Processing UsersController#create (for 127.0.0.1 at 2010-02-27 19:15:28) [POST]
  Parameters: {"commit"=>"Create", "authenticity_token"=>"vP5WXyZTgJQXvXsvLm5fXwfkiV3yuuqdwqp3WZRxuto=", "user"=>{"name"=>"", "password_confirmation"=>"", "password"=>"", "email"=>""}}
  [4;35;1mUser Load (0.1ms)[0m   [0mSELECT "users".id FROM "users" WHERE ("users"."email" = '') LIMIT 1[0m
Redirected to http://localhost:3000/users
Completed in 8ms (DB: 0) | 302 Found [http://localhost/users]


Processing UsersController#index (for 127.0.0.1 at 2010-02-27 19:15:28) [GET]

ActionController::UnknownAction (No action responded to index. Actions: create, new, and show):
  

Rendering rescues/layout (not_found)


Processing UsersController#new (for 127.0.0.1 at 2010-02-27 19:16:21) [GET]
Rendering users/new
Completed in 13ms (View: 5, DB: 0) | 200 OK [http://localhost/users/new]


Processing UsersController#create (for 127.0.0.1 at 2010-02-27 19:16:23) [POST]
  Parameters: {"commit"=>"Create", "authenticity_token"=>"vP5WXyZTgJQXvXsvLm5fXwfkiV3yuuqdwqp3WZRxuto=", "user"=>{"name"=>"", "password_confirmation"=>"", "password"=>"", "email"=>""}}
  [4;36;1mUser Load (0.1ms)[0m   [0;1mSELECT "users".id FROM "users" WHERE ("users"."email" = '') LIMIT 1[0m
Redirected to http://localhost:3000/users
Completed in 8ms (DB: 0) | 302 Found [http://localhost/users]


Processing UsersController#index (for 127.0.0.1 at 2010-02-27 19:16:23) [GET]

ActionController::UnknownAction (No action responded to index. Actions: create, new, and show):
  

Rendering rescues/layout (not_found)


Processing UsersController#new (for 127.0.0.1 at 2010-02-27 19:16:45) [GET]
Rendering users/new
Completed in 11ms (View: 5, DB: 0) | 200 OK [http://localhost/users/new]


Processing UsersController#create (for 127.0.0.1 at 2010-02-27 19:17:58) [POST]
  Parameters: {"commit"=>"Create", "authenticity_token"=>"vP5WXyZTgJQXvXsvLm5fXwfkiV3yuuqdwqp3WZRxuto=", "user"=>{"name"=>"", "password_confirmation"=>"", "password"=>"", "email"=>""}}
  [4;35;1mUser Load (0.1ms)[0m   [0mSELECT "users".id FROM "users" WHERE ("users"."email" = '') LIMIT 1[0m
Redirected to http://localhost:3000/users
Completed in 8ms (DB: 0) | 302 Found [http://localhost/users]


Processing UsersController#index (for 127.0.0.1 at 2010-02-27 19:17:58) [GET]

ActionController::UnknownAction (No action responded to index. Actions: create, new, and show):
  

Rendering rescues/layout (not_found)


Processing UsersController#new (for 127.0.0.1 at 2010-02-27 19:18:59) [GET]
Rendering users/new

ActionView::TemplateError (`@#<User:0x1044c4b68>' is not allowed as an instance variable name) on line #2 of app/views/users/new.html.erb:
1: <div class="signup-form">
2: 	<%= error_messages_for @user %>
3: 	
4: <% form_for @user do |f| %>
5:   <p>

    app/views/users/new.html.erb:2

Rendered rescues/_trace (35.9ms)
Rendered rescues/_request_and_response (0.3ms)
Rendering rescues/layout (internal_server_error)


Processing UsersController#new (for 127.0.0.1 at 2010-02-27 19:19:25) [GET]
Rendering users/new
Completed in 14ms (View: 8, DB: 0) | 200 OK [http://localhost/users/new]


Processing UsersController#create (for 127.0.0.1 at 2010-02-27 19:19:26) [POST]
  Parameters: {"commit"=>"Sign Up", "authenticity_token"=>"vP5WXyZTgJQXvXsvLm5fXwfkiV3yuuqdwqp3WZRxuto=", "user"=>{"name"=>"", "password_confirmation"=>"", "password"=>"", "email"=>""}}
  [4;36;1mUser Load (0.1ms)[0m   [0;1mSELECT "users".id FROM "users" WHERE ("users"."email" = '') LIMIT 1[0m
Redirected to http://localhost:3000/users
Completed in 8ms (DB: 0) | 302 Found [http://localhost/users]


Processing UsersController#index (for 127.0.0.1 at 2010-02-27 19:19:26) [GET]

ActionController::UnknownAction (No action responded to index. Actions: create, new, and show):
  

Rendering rescues/layout (not_found)


Processing UsersController#new (for 127.0.0.1 at 2010-02-27 19:20:23) [GET]
Rendering users/new
Completed in 10ms (View: 4, DB: 0) | 200 OK [http://localhost/users/new]


Processing UsersController#create (for 127.0.0.1 at 2010-02-27 19:20:24) [POST]
  Parameters: {"commit"=>"Sign Up", "authenticity_token"=>"vP5WXyZTgJQXvXsvLm5fXwfkiV3yuuqdwqp3WZRxuto=", "user"=>{"name"=>"", "password_confirmation"=>"", "password"=>"", "email"=>""}}
  [4;35;1mUser Load (0.1ms)[0m   [0mSELECT "users".id FROM "users" WHERE ("users"."email" = '') LIMIT 1[0m
Redirected to http://localhost:3000/users
Completed in 8ms (DB: 0) | 302 Found [http://localhost/users]


Processing UsersController#index (for 127.0.0.1 at 2010-02-27 19:20:24) [GET]
  [4;36;1mUser Load (0.4ms)[0m   [0;1mSELECT * FROM "users" [0m

ActionView::MissingTemplate (Missing template users/index.erb in view path app/views):
  

Rendering rescues/layout (internal_server_error)


Processing UsersController#new (for 127.0.0.1 at 2010-02-27 19:21:19) [GET]
Rendering users/new
Completed in 14ms (View: 6, DB: 0) | 200 OK [http://localhost/users/new]


Processing UsersController#create (for 127.0.0.1 at 2010-02-27 19:21:20) [POST]
  Parameters: {"commit"=>"Sign Up", "authenticity_token"=>"vP5WXyZTgJQXvXsvLm5fXwfkiV3yuuqdwqp3WZRxuto=", "user"=>{"name"=>"", "password_confirmation"=>"", "password"=>"", "email"=>""}}
  [4;35;1mUser Load (0.1ms)[0m   [0mSELECT "users".id FROM "users" WHERE ("users"."email" = '') LIMIT 1[0m
Redirected to http://localhost:3000/users
Completed in 8ms (DB: 0) | 302 Found [http://localhost/users]


Processing UsersController#index (for 127.0.0.1 at 2010-02-27 19:21:20) [GET]
  [4;36;1mUser Load (0.4ms)[0m   [0;1mSELECT * FROM "users" [0m
Rendering users/index
Completed in 8ms (View: 4, DB: 0) | 200 OK [http://localhost/users]


Processing UsersController#index (for 127.0.0.1 at 2010-02-27 19:21:47) [GET]
  [4;35;1mUser Load (0.4ms)[0m   [0mSELECT * FROM "users" [0m
Rendering users/index
Completed in 9ms (View: 4, DB: 0) | 200 OK [http://localhost/users]


Processing UsersController#new (for 127.0.0.1 at 2010-02-27 19:21:51) [GET]
Rendering users/new
Completed in 11ms (View: 5, DB: 0) | 200 OK [http://localhost/users/new]


Processing UsersController#create (for 127.0.0.1 at 2010-02-27 19:21:52) [POST]
  Parameters: {"commit"=>"Sign Up", "authenticity_token"=>"vP5WXyZTgJQXvXsvLm5fXwfkiV3yuuqdwqp3WZRxuto=", "user"=>{"name"=>"", "password_confirmation"=>"", "password"=>"", "email"=>""}}
  [4;36;1mUser Load (0.1ms)[0m   [0;1mSELECT "users".id FROM "users" WHERE ("users"."email" = '') LIMIT 1[0m
Redirected to http://localhost:3000/users
Completed in 67ms (DB: 0) | 302 Found [http://localhost/users]


Processing UsersController#index (for 127.0.0.1 at 2010-02-27 19:21:52) [GET]
  [4;35;1mUser Load (0.4ms)[0m   [0mSELECT * FROM "users" [0m
Rendering users/index
Completed in 6ms (View: 1, DB: 0) | 200 OK [http://localhost/users]


Processing UsersController#new (for 127.0.0.1 at 2010-02-27 19:24:51) [GET]
Rendering users/new
Completed in 11ms (View: 4, DB: 0) | 200 OK [http://localhost/users/new]


Processing UsersController#create (for 127.0.0.1 at 2010-02-27 19:24:53) [POST]
  Parameters: {"commit"=>"Sign Up", "authenticity_token"=>"vP5WXyZTgJQXvXsvLm5fXwfkiV3yuuqdwqp3WZRxuto=", "user"=>{"name"=>"", "password_confirmation"=>"", "password"=>"", "email"=>""}}
Redirected to http://localhost:3000/users/new
Completed in 2ms (DB: 0) | 302 Found [http://localhost/users]


Processing UsersController#new (for 127.0.0.1 at 2010-02-27 19:24:53) [GET]
Rendering users/new
Completed in 10ms (View: 5, DB: 0) | 200 OK [http://localhost/users/new]


Processing UsersController#create (for 127.0.0.1 at 2010-02-27 19:24:54) [POST]
  Parameters: {"commit"=>"Sign Up", "authenticity_token"=>"vP5WXyZTgJQXvXsvLm5fXwfkiV3yuuqdwqp3WZRxuto=", "user"=>{"name"=>"", "password_confirmation"=>"", "password"=>"", "email"=>""}}
Redirected to http://localhost:3000/users/new
Completed in 2ms (DB: 0) | 302 Found [http://localhost/users]


Processing UsersController#new (for 127.0.0.1 at 2010-02-27 19:24:54) [GET]
Rendering users/new
Completed in 9ms (View: 4, DB: 0) | 200 OK [http://localhost/users/new]


Processing UsersController#create (for 127.0.0.1 at 2010-02-27 19:24:55) [POST]
  Parameters: {"commit"=>"Sign Up", "authenticity_token"=>"vP5WXyZTgJQXvXsvLm5fXwfkiV3yuuqdwqp3WZRxuto=", "user"=>{"name"=>"", "password_confirmation"=>"", "password"=>"", "email"=>""}}
Redirected to http://localhost:3000/users/new
Completed in 2ms (DB: 0) | 302 Found [http://localhost/users]


Processing UsersController#new (for 127.0.0.1 at 2010-02-27 19:24:55) [GET]
Rendering users/new
Completed in 9ms (View: 4, DB: 0) | 200 OK [http://localhost/users/new]


Processing UsersController#new (for 127.0.0.1 at 2010-02-27 19:25:15) [GET]
Rendering users/new
Completed in 10ms (View: 4, DB: 0) | 200 OK [http://localhost/users/new]


Processing UsersController#create (for 127.0.0.1 at 2010-02-27 19:25:17) [POST]
  Parameters: {"commit"=>"Sign Up", "authenticity_token"=>"vP5WXyZTgJQXvXsvLm5fXwfkiV3yuuqdwqp3WZRxuto=", "user"=>{"name"=>"", "password_confirmation"=>"", "password"=>"", "email"=>""}}
  [4;36;1mUser Load (0.1ms)[0m   [0;1mSELECT "users".id FROM "users" WHERE ("users"."email" = '') LIMIT 1[0m
Redirected to http://localhost:3000/users/new
Completed in 65ms (DB: 0) | 302 Found [http://localhost/users]


Processing UsersController#new (for 127.0.0.1 at 2010-02-27 19:25:17) [GET]
Rendering users/new
Completed in 9ms (View: 4, DB: 0) | 200 OK [http://localhost/users/new]


Processing UsersController#create (for 127.0.0.1 at 2010-02-27 19:25:18) [POST]
  Parameters: {"commit"=>"Sign Up", "authenticity_token"=>"vP5WXyZTgJQXvXsvLm5fXwfkiV3yuuqdwqp3WZRxuto=", "user"=>{"name"=>"", "password_confirmation"=>"", "password"=>"", "email"=>""}}
  [4;35;1mUser Load (0.1ms)[0m   [0mSELECT "users".id FROM "users" WHERE ("users"."email" = '') LIMIT 1[0m
Redirected to http://localhost:3000/users/new
Completed in 8ms (DB: 0) | 302 Found [http://localhost/users]


Processing UsersController#new (for 127.0.0.1 at 2010-02-27 19:25:18) [GET]
Rendering users/new
Completed in 9ms (View: 4, DB: 0) | 200 OK [http://localhost/users/new]


Processing UsersController#new (for 127.0.0.1 at 2010-02-27 19:27:27) [GET]
Rendering template within layouts/application
Rendering users/new
Completed in 15ms (View: 9, DB: 0) | 200 OK [http://localhost/users/new]


Processing UsersController#new (for 127.0.0.1 at 2010-02-27 19:27:32) [GET]
Rendering template within layouts/application
Rendering users/new
Completed in 10ms (View: 5, DB: 0) | 200 OK [http://localhost/users/new]


Processing UsersController#new (for 127.0.0.1 at 2010-02-27 19:28:22) [GET]
Rendering template within layouts/application
Rendering users/new
Completed in 13ms (View: 8, DB: 0) | 200 OK [http://localhost/users/new]


Processing UsersController#create (for 127.0.0.1 at 2010-02-27 19:28:24) [POST]
  Parameters: {"commit"=>"Sign Up", "authenticity_token"=>"vP5WXyZTgJQXvXsvLm5fXwfkiV3yuuqdwqp3WZRxuto=", "user"=>{"name"=>"", "password_confirmation"=>"", "password"=>"", "email"=>""}}
  [4;36;1mUser Load (0.1ms)[0m   [0;1mSELECT "users".id FROM "users" WHERE ("users"."email" = '') LIMIT 1[0m
Redirected to http://localhost:3000/users/new
Completed in 8ms (DB: 0) | 302 Found [http://localhost/users]


Processing UsersController#new (for 127.0.0.1 at 2010-02-27 19:28:24) [GET]
Rendering template within layouts/application
Rendering users/new
Completed in 11ms (View: 5, DB: 0) | 200 OK [http://localhost/users/new]


Processing UsersController#new (for 127.0.0.1 at 2010-02-27 19:31:48) [GET]
Rendering template within layouts/application
Rendering users/new
Completed in 12ms (View: 5, DB: 0) | 200 OK [http://localhost/users/new]


Processing UsersController#create (for 127.0.0.1 at 2010-02-27 19:31:50) [POST]
  Parameters: {"commit"=>"Sign Up", "authenticity_token"=>"vP5WXyZTgJQXvXsvLm5fXwfkiV3yuuqdwqp3WZRxuto=", "user"=>{"name"=>"", "password_confirmation"=>"", "password"=>"", "email"=>""}}
  [4;35;1mUser Load (0.1ms)[0m   [0mSELECT "users".id FROM "users" WHERE ("users"."email" = '') LIMIT 1[0m
Redirected to http://localhost:3000/users/new
Completed in 10ms (DB: 0) | 302 Found [http://localhost/users]


Processing UsersController#new (for 127.0.0.1 at 2010-02-27 19:31:50) [GET]
Rendering template within layouts/application
Rendering users/new
Completed in 10ms (View: 5, DB: 0) | 200 OK [http://localhost/users/new]


Processing UsersController#new (for 127.0.0.1 at 2010-02-27 19:33:10) [GET]
Rendering template within layouts/application
Rendering users/new
Completed in 11ms (View: 4, DB: 0) | 200 OK [http://localhost/users/new]


Processing UsersController#create (for 127.0.0.1 at 2010-02-27 19:33:12) [POST]
  Parameters: {"commit"=>"Sign Up", "authenticity_token"=>"vP5WXyZTgJQXvXsvLm5fXwfkiV3yuuqdwqp3WZRxuto=", "user"=>{"name"=>"", "password_confirmation"=>"", "password"=>"", "email"=>""}}
  [4;36;1mUser Load (0.1ms)[0m   [0;1mSELECT "users".id FROM "users" WHERE ("users"."email" = '') LIMIT 1[0m
Rendering template within layouts/application
Rendering users/new
Completed in 17ms (View: 7, DB: 0) | 200 OK [http://localhost/users]


Processing UsersController#new (for 127.0.0.1 at 2010-02-27 19:34:03) [GET]
Rendering template within layouts/application
Rendering users/new
Completed in 11ms (View: 5, DB: 0) | 200 OK [http://localhost/users/new]


Processing UsersController#new (for 127.0.0.1 at 2010-02-27 19:34:08) [GET]
Rendering template within layouts/application
Rendering users/new
Completed in 11ms (View: 5, DB: 0) | 200 OK [http://localhost/users/new]


Processing UsersController#create (for 127.0.0.1 at 2010-02-27 19:34:09) [POST]
  Parameters: {"commit"=>"Sign Up", "authenticity_token"=>"vP5WXyZTgJQXvXsvLm5fXwfkiV3yuuqdwqp3WZRxuto=", "user"=>{"name"=>"", "password_confirmation"=>"", "password"=>"", "email"=>""}}
  [4;35;1mUser Load (0.1ms)[0m   [0mSELECT "users".id FROM "users" WHERE ("users"."email" = '') LIMIT 1[0m
  [4;36;1mCACHE (0.0ms)[0m   [0;1mSELECT "users".id FROM "users" WHERE ("users"."email" = '') LIMIT 1[0m
Rendering template within layouts/application
Rendering users/new
Completed in 17ms (View: 9, DB: 0) | 200 OK [http://localhost/users]


Processing UsersController#new (for 127.0.0.1 at 2010-02-27 19:34:37) [GET]
Rendering template within layouts/application
Rendering users/new
Completed in 11ms (View: 5, DB: 0) | 200 OK [http://localhost/users/new]


Processing UsersController#new (for 127.0.0.1 at 2010-02-27 19:34:40) [GET]
Rendering template within layouts/application
Rendering users/new
Completed in 11ms (View: 5, DB: 0) | 200 OK [http://localhost/users/new]


Processing UsersController#create (for 127.0.0.1 at 2010-02-27 19:34:42) [POST]
  Parameters: {"commit"=>"Sign Up", "authenticity_token"=>"vP5WXyZTgJQXvXsvLm5fXwfkiV3yuuqdwqp3WZRxuto=", "user"=>{"name"=>"", "password_confirmation"=>"", "password"=>"", "email"=>""}}
  [4;35;1mUser Load (0.1ms)[0m   [0mSELECT "users".id FROM "users" WHERE ("users"."email" = '') LIMIT 1[0m
  [4;36;1mCACHE (0.0ms)[0m   [0;1mSELECT "users".id FROM "users" WHERE ("users"."email" = '') LIMIT 1[0m
Rendering template within layouts/application
Rendering users/new
Completed in 17ms (View: 9, DB: 0) | 200 OK [http://localhost/users]


Processing UsersController#create (for 127.0.0.1 at 2010-02-27 19:35:04) [POST]
  Parameters: {"commit"=>"Sign Up", "authenticity_token"=>"vP5WXyZTgJQXvXsvLm5fXwfkiV3yuuqdwqp3WZRxuto=", "user"=>{"name"=>"", "password_confirmation"=>"", "password"=>"", "email"=>""}}
  [4;35;1mUser Load (0.1ms)[0m   [0mSELECT "users".id FROM "users" WHERE ("users"."email" = '') LIMIT 1[0m
  [4;36;1mCACHE (0.0ms)[0m   [0;1mSELECT "users".id FROM "users" WHERE ("users"."email" = '') LIMIT 1[0m
Rendering template within layouts/application
Rendering users/new
Completed in 17ms (View: 9, DB: 0) | 200 OK [http://localhost/users]


Processing UsersController#index (for 127.0.0.1 at 2010-02-27 19:38:24) [GET]
  [4;35;1mUser Load (0.6ms)[0m   [0mSELECT * FROM "users" [0m
Rendering template within layouts/application
Rendering users/index
Completed in 10ms (View: 4, DB: 1) | 200 OK [http://localhost/users]


Processing UsersController#new (for 127.0.0.1 at 2010-02-27 19:38:27) [GET]
Rendering template within layouts/application
Rendering users/new
Completed in 11ms (View: 5, DB: 0) | 200 OK [http://localhost/users/new]


Processing UsersController#create (for 127.0.0.1 at 2010-02-27 19:38:29) [POST]
  Parameters: {"commit"=>"Sign Up", "authenticity_token"=>"vP5WXyZTgJQXvXsvLm5fXwfkiV3yuuqdwqp3WZRxuto=", "user"=>{"name"=>"", "password_confirmation"=>"", "password"=>"", "email"=>""}}
  [4;36;1mUser Load (0.1ms)[0m   [0;1mSELECT "users".id FROM "users" WHERE ("users"."email" = '') LIMIT 1[0m

ActionView::MissingTemplate (Missing template users/create.erb in view path app/views):
  

Rendering rescues/layout (internal_server_error)


Processing UsersController#new (for 127.0.0.1 at 2010-02-27 19:38:58) [GET]
Rendering template within layouts/application
Rendering users/new
Completed in 11ms (View: 5, DB: 0) | 200 OK [http://localhost/users/new]


Processing UsersController#create (for 127.0.0.1 at 2010-02-27 19:38:59) [POST]
  Parameters: {"commit"=>"Sign Up", "authenticity_token"=>"vP5WXyZTgJQXvXsvLm5fXwfkiV3yuuqdwqp3WZRxuto=", "user"=>{"name"=>"", "password_confirmation"=>"", "password"=>"", "email"=>""}}
  [4;35;1mUser Load (0.1ms)[0m   [0mSELECT "users".id FROM "users" WHERE ("users"."email" = '') LIMIT 1[0m
  [4;36;1mCACHE (0.0ms)[0m   [0;1mSELECT "users".id FROM "users" WHERE ("users"."email" = '') LIMIT 1[0m
Rendering template within layouts/application
Rendering users/new
Completed in 17ms (View: 9, DB: 0) | 200 OK [http://localhost/users]


Processing UsersController#create (for 127.0.0.1 at 2010-02-27 19:39:22) [POST]
  Parameters: {"commit"=>"Sign Up", "authenticity_token"=>"vP5WXyZTgJQXvXsvLm5fXwfkiV3yuuqdwqp3WZRxuto=", "user"=>{"name"=>"Rohit 2", "password_confirmation"=>"", "password"=>"", "email"=>""}}
  [4;35;1mUser Load (0.1ms)[0m   [0mSELECT "users".id FROM "users" WHERE ("users"."email" = '') LIMIT 1[0m
  [4;36;1mCACHE (0.0ms)[0m   [0;1mSELECT "users".id FROM "users" WHERE ("users"."email" = '') LIMIT 1[0m
Rendering template within layouts/application
Rendering users/new
Completed in 18ms (View: 7, DB: 0) | 200 OK [http://localhost/users]


Processing UsersController#create (for 127.0.0.1 at 2010-02-27 19:39:28) [POST]
  Parameters: {"commit"=>"Sign Up", "authenticity_token"=>"vP5WXyZTgJQXvXsvLm5fXwfkiV3yuuqdwqp3WZRxuto=", "user"=>{"name"=>"Rohit 2", "password_confirmation"=>"", "password"=>"", "email"=>"rat"}}
  [4;35;1mUser Load (0.1ms)[0m   [0mSELECT "users".id FROM "users" WHERE ("users"."email" = 'rat') LIMIT 1[0m
  [4;36;1mCACHE (0.0ms)[0m   [0;1mSELECT "users".id FROM "users" WHERE ("users"."email" = 'rat') LIMIT 1[0m
Rendering template within layouts/application
Rendering users/new
Completed in 15ms (View: 7, DB: 0) | 200 OK [http://localhost/users]


Processing UsersController#create (for 127.0.0.1 at 2010-02-27 19:40:02) [POST]
  Parameters: {"commit"=>"Sign Up", "authenticity_token"=>"vP5WXyZTgJQXvXsvLm5fXwfkiV3yuuqdwqp3WZRxuto=", "user"=>{"name"=>"Rohit 2", "password_confirmation"=>"", "password"=>"", "email"=>"abc@"}}
  [4;35;1mUser Load (0.1ms)[0m   [0mSELECT "users".id FROM "users" WHERE ("users"."email" = 'abc@') LIMIT 1[0m
  [4;36;1mCACHE (0.0ms)[0m   [0;1mSELECT "users".id FROM "users" WHERE ("users"."email" = 'abc@') LIMIT 1[0m
Rendering template within layouts/application
Rendering users/new
Completed in 16ms (View: 7, DB: 0) | 200 OK [http://localhost/users]


Processing UsersController#create (for 127.0.0.1 at 2010-02-27 19:40:08) [POST]
  Parameters: {"commit"=>"Sign Up", "authenticity_token"=>"vP5WXyZTgJQXvXsvLm5fXwfkiV3yuuqdwqp3WZRxuto=", "user"=>{"name"=>"Rohit 2", "password_confirmation"=>"", "password"=>"", "email"=>"abc@abc.com"}}
  [4;35;1mUser Load (0.1ms)[0m   [0mSELECT "users".id FROM "users" WHERE ("users"."email" = 'abc@abc.com') LIMIT 1[0m
  [4;36;1mUser Create (0.3ms)[0m   [0;1mINSERT INTO "users" ("name", "salt", "created_at", "updated_at", "hashed_password", "email") VALUES('Rohit 2', '21836346000.9035616487589', '2010-02-28 03:40:08', '2010-02-28 03:40:08', '1305787a9afd0ecdc1869a6f4def5c9597ff8053', 'abc@abc.com')[0m
  [4;35;1mUser Load (0.2ms)[0m   [0mSELECT "users".id FROM "users" WHERE ("users"."email" = 'abc@abc.com' AND "users".id <> 2) LIMIT 1[0m

ActionView::MissingTemplate (Missing template users/create.erb in view path app/views):
  

Rendering rescues/layout (internal_server_error)


Processing UsersController#new (for 127.0.0.1 at 2010-02-27 19:42:54) [GET]
Rendering template within layouts/application
Rendering users/new
Completed in 12ms (View: 5, DB: 0) | 200 OK [http://localhost/users/new]


Processing UsersController#create (for 127.0.0.1 at 2010-02-27 19:43:06) [POST]
  Parameters: {"commit"=>"Sign Up", "authenticity_token"=>"vP5WXyZTgJQXvXsvLm5fXwfkiV3yuuqdwqp3WZRxuto=", "user"=>{"name"=>"rohit", "password_confirmation"=>"", "password"=>"", "email"=>"abc@abc.com"}}
  [4;36;1mUser Load (0.2ms)[0m   [0;1mSELECT "users".id FROM "users" WHERE ("users"."email" = 'abc@abc.com') LIMIT 1[0m
  [4;35;1mCACHE (0.0ms)[0m   [0mSELECT "users".id FROM "users" WHERE ("users"."email" = 'abc@abc.com') LIMIT 1[0m
Rendering template within layouts/application
Rendering users/new
Completed in 16ms (View: 7, DB: 0) | 200 OK [http://localhost/users]


Processing UsersController#create (for 127.0.0.1 at 2010-02-27 19:43:16) [POST]
  Parameters: {"commit"=>"Sign Up", "authenticity_token"=>"vP5WXyZTgJQXvXsvLm5fXwfkiV3yuuqdwqp3WZRxuto=", "user"=>{"name"=>"rohit", "password_confirmation"=>"", "password"=>"", "email"=>"abc1@abc.com"}}
  [4;36;1mUser Load (0.1ms)[0m   [0;1mSELECT "users".id FROM "users" WHERE ("users"."email" = 'abc1@abc.com') LIMIT 1[0m
  [4;35;1mCACHE (0.0ms)[0m   [0mSELECT "users".id FROM "users" WHERE ("users"."email" = 'abc1@abc.com') LIMIT 1[0m
Rendering template within layouts/application
Rendering users/new
Completed in 14ms (View: 5, DB: 0) | 200 OK [http://localhost/users]


Processing UsersController#create (for 127.0.0.1 at 2010-02-27 19:43:22) [POST]
  Parameters: {"commit"=>"Sign Up", "authenticity_token"=>"vP5WXyZTgJQXvXsvLm5fXwfkiV3yuuqdwqp3WZRxuto=", "user"=>{"name"=>"rohit", "password_confirmation"=>"", "password"=>"test", "email"=>"abc1@abc.com"}}
  [4;36;1mUser Load (0.1ms)[0m   [0;1mSELECT "users".id FROM "users" WHERE ("users"."email" = 'abc1@abc.com') LIMIT 1[0m
  [4;35;1mCACHE (0.0ms)[0m   [0mSELECT "users".id FROM "users" WHERE ("users"."email" = 'abc1@abc.com') LIMIT 1[0m
Rendering template within layouts/application
Rendering users/new
Completed in 15ms (View: 7, DB: 0) | 200 OK [http://localhost/users]


Processing UsersController#create (for 127.0.0.1 at 2010-02-27 19:43:34) [POST]
  Parameters: {"commit"=>"Sign Up", "authenticity_token"=>"vP5WXyZTgJQXvXsvLm5fXwfkiV3yuuqdwqp3WZRxuto=", "user"=>{"name"=>"rohit", "password_confirmation"=>"test", "password"=>"test", "email"=>"abc1@abc.com"}}
  [4;36;1mUser Load (0.1ms)[0m   [0;1mSELECT "users".id FROM "users" WHERE ("users"."email" = 'abc1@abc.com') LIMIT 1[0m
  [4;35;1mUser Create (0.3ms)[0m   [0mINSERT INTO "users" ("name", "salt", "created_at", "updated_at", "hashed_password", "email") VALUES('rohit', '21818356800.526675948246116', '2010-02-28 03:43:34', '2010-02-28 03:43:34', '5f57f581dad1a00b9d34615d02ad4a32ebeb560e', 'abc1@abc.com')[0m
  [4;36;1mUser Load (0.2ms)[0m   [0;1mSELECT "users".id FROM "users" WHERE ("users"."email" = 'abc1@abc.com' AND "users".id <> 3) LIMIT 1[0m

ActionView::MissingTemplate (Missing template users/create.erb in view path app/views):
  

Rendering rescues/layout (internal_server_error)


Processing UsersController#new (for 127.0.0.1 at 2010-02-27 19:47:05) [GET]
Rendering template within layouts/application
Rendering users/new
Completed in 12ms (View: 5, DB: 0) | 200 OK [http://localhost/users/new]


Processing UsersController#create (for 127.0.0.1 at 2010-02-27 19:47:07) [POST]
  Parameters: {"commit"=>"Sign Up", "authenticity_token"=>"vP5WXyZTgJQXvXsvLm5fXwfkiV3yuuqdwqp3WZRxuto=", "user"=>{"name"=>"", "password_confirmation"=>"", "password"=>"", "email"=>""}}
  [4;35;1mUser Load (0.1ms)[0m   [0mSELECT "users".id FROM "users" WHERE ("users"."email" = '') LIMIT 1[0m
  [4;36;1mCACHE (0.0ms)[0m   [0;1mSELECT "users".id FROM "users" WHERE ("users"."email" = '') LIMIT 1[0m
Rendering template within layouts/application
Rendering users/new
Completed in 18ms (View: 9, DB: 0) | 200 OK [http://localhost/users]


Processing UsersController#new (for 127.0.0.1 at 2010-02-27 19:49:55) [GET]
Rendering template within layouts/application
Rendering users/new
Completed in 16ms (View: 10, DB: 0) | 200 OK [http://localhost/users/new]


Processing UsersController#create (for 127.0.0.1 at 2010-02-27 19:49:57) [POST]
  Parameters: {"commit"=>"Sign Up", "authenticity_token"=>"vP5WXyZTgJQXvXsvLm5fXwfkiV3yuuqdwqp3WZRxuto=", "user"=>{"name"=>"", "password_confirmation"=>"", "password"=>"", "email"=>""}}
  [4;35;1mUser Load (0.1ms)[0m   [0mSELECT "users".id FROM "users" WHERE ("users"."email" = '') LIMIT 1[0m
  [4;36;1mCACHE (0.0ms)[0m   [0;1mSELECT "users".id FROM "users" WHERE ("users"."email" = '') LIMIT 1[0m
Rendering template within layouts/application
Rendering users/new
Completed in 17ms (View: 9, DB: 0) | 200 OK [http://localhost/users]


Processing UsersController#create (for 127.0.0.1 at 2010-02-27 19:50:30) [POST]
  Parameters: {"commit"=>"Sign Up", "authenticity_token"=>"vP5WXyZTgJQXvXsvLm5fXwfkiV3yuuqdwqp3WZRxuto=", "user"=>{"name"=>"Rohit", "password_confirmation"=>"", "password"=>"", "email"=>"abc2@abc.com"}}
  [4;35;1mUser Load (0.1ms)[0m   [0mSELECT "users".id FROM "users" WHERE ("users"."email" = 'abc2@abc.com') LIMIT 1[0m
  [4;36;1mCACHE (0.0ms)[0m   [0;1mSELECT "users".id FROM "users" WHERE ("users"."email" = 'abc2@abc.com') LIMIT 1[0m
Rendering template within layouts/application
Rendering users/new
Completed in 14ms (View: 6, DB: 0) | 200 OK [http://localhost/users]


Processing UsersController#create (for 127.0.0.1 at 2010-02-27 19:50:59) [POST]
  Parameters: {"commit"=>"Sign Up", "authenticity_token"=>"vP5WXyZTgJQXvXsvLm5fXwfkiV3yuuqdwqp3WZRxuto=", "user"=>{"name"=>"Rohit", "password_confirmation"=>"", "password"=>"test", "email"=>"abc2@abc.com"}}
  [4;35;1mUser Load (0.1ms)[0m   [0mSELECT "users".id FROM "users" WHERE ("users"."email" = 'abc2@abc.com') LIMIT 1[0m
  [4;36;1mCACHE (0.0ms)[0m   [0;1mSELECT "users".id FROM "users" WHERE ("users"."email" = 'abc2@abc.com') LIMIT 1[0m
Rendering template within layouts/application
Rendering users/new
Completed in 16ms (View: 7, DB: 0) | 200 OK [http://localhost/users]


Processing UsersController#new (for 127.0.0.1 at 2010-02-27 19:51:37) [GET]
Rendering template within layouts/application
Rendering users/new
Completed in 10ms (View: 5, DB: 0) | 200 OK [http://localhost/users/new]


Processing UsersController#create (for 127.0.0.1 at 2010-02-27 19:51:38) [POST]
  Parameters: {"commit"=>"Sign Up", "authenticity_token"=>"vP5WXyZTgJQXvXsvLm5fXwfkiV3yuuqdwqp3WZRxuto=", "user"=>{"name"=>"", "password_confirmation"=>"", "password"=>"", "email"=>""}}
  [4;35;1mUser Load (0.1ms)[0m   [0mSELECT "users".id FROM "users" WHERE ("users"."email" = '') LIMIT 1[0m
  [4;36;1mCACHE (0.0ms)[0m   [0;1mSELECT "users".id FROM "users" WHERE ("users"."email" = '') LIMIT 1[0m
Rendering template within layouts/application
Rendering users/new
Completed in 78ms (View: 11, DB: 0) | 200 OK [http://localhost/users]


Processing UsersController#create (for 127.0.0.1 at 2010-02-27 20:04:24) [POST]
  Parameters: {"commit"=>"Sign Up", "authenticity_token"=>"vP5WXyZTgJQXvXsvLm5fXwfkiV3yuuqdwqp3WZRxuto=", "user"=>{"name"=>"Rohit", "password_confirmation"=>"test", "password"=>"test", "email"=>"abc2@abc.com"}}
  [4;35;1mUser Load (0.1ms)[0m   [0mSELECT "users".id FROM "users" WHERE ("users"."email" = 'abc2@abc.com') LIMIT 1[0m
  [4;36;1mUser Create (0.3ms)[0m   [0;1mINSERT INTO "users" ("name", "salt", "created_at", "updated_at", "hashed_password", "email") VALUES('Rohit', '21830869600.795023691660375', '2010-02-28 04:04:24', '2010-02-28 04:04:24', '043c9112ab4f07cd8b3160599f2b946030f0d953', 'abc2@abc.com')[0m
  [4;35;1mUser Load (0.1ms)[0m   [0mSELECT "users".id FROM "users" WHERE ("users"."email" = 'abc2@abc.com' AND "users".id <> 4) LIMIT 1[0m
Redirected to http://localhost:3000/users/4
Completed in 12ms (DB: 1) | 302 Found [http://localhost/users]


Processing UsersController#show (for 127.0.0.1 at 2010-02-27 20:04:24) [GET]
  Parameters: {"id"=>"4"}
  [4;36;1mUser Load (0.2ms)[0m   [0;1mSELECT * FROM "users" WHERE ("users"."id" = 4) [0m
Rendering template within layouts/application
Rendering users/show
Completed in 11ms (View: 5, DB: 0) | 200 OK [http://localhost/users/4]
